INFO - 2024-01-27 20:59:22 --> Session: Class initialized using 'CodeIgniter\Session\Handlers\FileHandler' driver.
CRITICAL - 2024-01-27 20:59:49 --> TypeError: array_merge(): Argument #2 must be of type array, string given
in SYSTEMPATH\Filters\Filters.php on line 485.
 1 SYSTEMPATH\Filters\Filters.php(485): array_merge([], 'csrf')
 2 SYSTEMPATH\Filters\Filters.php(249): CodeIgniter\Filters\Filters->processMethods()
 3 SYSTEMPATH\Filters\Filters.php(172): CodeIgniter\Filters\Filters->initialize('news')
 4 SYSTEMPATH\CodeIgniter.php(474): CodeIgniter\Filters\Filters->run('news', 'before')
 5 SYSTEMPATH\CodeIgniter.php(361): CodeIgniter\CodeIgniter->handleRequest(null, Object(Config\Cache), false)
 6 FCPATH\index.php(79): CodeIgniter\CodeIgniter->run()
 7 SYSTEMPATH\Commands\Server\rewrite.php(47): require_once('C:\\projects\\CodeIgnter-First-Use\\codeigniter4\\public\\index.php')
INFO - 2024-01-27 21:00:39 --> Session: Class initialized using 'CodeIgniter\Session\Handlers\FileHandler' driver.
INFO - 2024-01-27 21:00:42 --> CSRF token verified.
CRITICAL - 2024-01-27 21:00:58 --> CodeIgniter\Security\Exceptions\SecurityException: The action you requested is not allowed.
in SYSTEMPATH\Security\Security.php on line 300.
 1 SYSTEMPATH\Security\Security.php(300): CodeIgniter\Security\Exceptions\SecurityException::forDisallowedAction()
 2 SYSTEMPATH\Filters\CSRF.php(56): CodeIgniter\Security\Security->verify(Object(CodeIgniter\HTTP\IncomingRequest))
 3 SYSTEMPATH\Filters\Filters.php(184): CodeIgniter\Filters\CSRF->before(Object(CodeIgniter\HTTP\IncomingRequest), null)
 4 SYSTEMPATH\CodeIgniter.php(474): CodeIgniter\Filters\Filters->run('news', 'before')
 5 SYSTEMPATH\CodeIgniter.php(361): CodeIgniter\CodeIgniter->handleRequest(null, Object(Config\Cache), false)
 6 FCPATH\index.php(79): CodeIgniter\CodeIgniter->run()
 7 SYSTEMPATH\Commands\Server\rewrite.php(47): require_once('C:\\projects\\CodeIgnter-First-Use\\codeigniter4\\public\\index.php')
INFO - 2024-01-27 21:02:51 --> Session: Class initialized using 'CodeIgniter\Session\Handlers\FileHandler' driver.
INFO - 2024-01-27 21:03:25 --> CSRF token verified.
