ERROR - 2024-01-26 23:22:47 --> Error connecting to the database: mysqli_sql_exception: Unknown database 'news' in C:\projects\CodeIgnter-First-Use\codeigniter4\system\Database\MySQLi\Connection.php:185
Stack trace:
#0 C:\projects\CodeIgnter-First-Use\codeigniter4\system\Database\MySQLi\Connection.php(185): mysqli->real_connect('localhost', 'root', '', 'news', 3306, '', 0)
#1 C:\projects\CodeIgnter-First-Use\codeigniter4\system\Database\BaseConnection.php(392): CodeIgniter\Database\MySQLi\Connection->connect(false)
#2 C:\projects\CodeIgnter-First-Use\codeigniter4\system\Database\BaseConnection.php(575): CodeIgniter\Database\BaseConnection->initialize()
#3 C:\projects\CodeIgnter-First-Use\codeigniter4\system\Database\BaseBuilder.php(1613): CodeIgniter\Database\BaseConnection->query('SELECT *\nFROM `...', Array, false)
#4 C:\projects\CodeIgnter-First-Use\codeigniter4\system\Model.php(242): CodeIgniter\Database\BaseBuilder->get()
#5 C:\projects\CodeIgnter-First-Use\codeigniter4\system\BaseModel.php(638): CodeIgniter\Model->doFindAll(0, 0)
#6 C:\projects\CodeIgnter-First-Use\codeigniter4\app\Models\NewsModel.php(13): CodeIgniter\BaseModel->findAll()
#7 C:\projects\CodeIgnter-First-Use\codeigniter4\app\Controllers\News.php(15): App\Models\NewsModel->getNews()
#8 C:\projects\CodeIgnter-First-Use\codeigniter4\system\CodeIgniter.php(941): App\Controllers\News->index()
#9 C:\projects\CodeIgnter-First-Use\codeigniter4\system\CodeIgniter.php(502): CodeIgniter\CodeIgniter->runController(Object(App\Controllers\News))
#10 C:\projects\CodeIgnter-First-Use\codeigniter4\system\CodeIgniter.php(361): CodeIgniter\CodeIgniter->handleRequest(NULL, Object(Config\Cache), false)
#11 C:\projects\CodeIgnter-First-Use\codeigniter4\public\index.php(79): CodeIgniter\CodeIgniter->run()
#12 C:\projects\CodeIgnter-First-Use\codeigniter4\system\Commands\Server\rewrite.php(47): require_once('C:\\projects\\Cod...')
#13 {main}

Next CodeIgniter\Database\Exceptions\DatabaseException: Unknown database 'news' in C:\projects\CodeIgnter-First-Use\codeigniter4\system\Database\MySQLi\Connection.php:229
Stack trace:
#0 C:\projects\CodeIgnter-First-Use\codeigniter4\system\Database\BaseConnection.php(392): CodeIgniter\Database\MySQLi\Connection->connect(false)
#1 C:\projects\CodeIgnter-First-Use\codeigniter4\system\Database\BaseConnection.php(575): CodeIgniter\Database\BaseConnection->initialize()
#2 C:\projects\CodeIgnter-First-Use\codeigniter4\system\Database\BaseBuilder.php(1613): CodeIgniter\Database\BaseConnection->query('SELECT *\nFROM `...', Array, false)
#3 C:\projects\CodeIgnter-First-Use\codeigniter4\system\Model.php(242): CodeIgniter\Database\BaseBuilder->get()
#4 C:\projects\CodeIgnter-First-Use\codeigniter4\system\BaseModel.php(638): CodeIgniter\Model->doFindAll(0, 0)
#5 C:\projects\CodeIgnter-First-Use\codeigniter4\app\Models\NewsModel.php(13): CodeIgniter\BaseModel->findAll()
#6 C:\projects\CodeIgnter-First-Use\codeigniter4\app\Controllers\News.php(15): App\Models\NewsModel->getNews()
#7 C:\projects\CodeIgnter-First-Use\codeigniter4\system\CodeIgniter.php(941): App\Controllers\News->index()
#8 C:\projects\CodeIgnter-First-Use\codeigniter4\system\CodeIgniter.php(502): CodeIgniter\CodeIgniter->runController(Object(App\Controllers\News))
#9 C:\projects\CodeIgnter-First-Use\codeigniter4\system\CodeIgniter.php(361): CodeIgniter\CodeIgniter->handleRequest(NULL, Object(Config\Cache), false)
#10 C:\projects\CodeIgnter-First-Use\codeigniter4\public\index.php(79): CodeIgniter\CodeIgniter->run()
#11 C:\projects\CodeIgnter-First-Use\codeigniter4\system\Commands\Server\rewrite.php(47): require_once('C:\\projects\\Cod...')
#12 {main}
CRITICAL - 2024-01-26 23:22:47 --> CodeIgniter\Database\Exceptions\DatabaseException: Unable to connect to the database.
Main connection [MySQLi]: Unknown database 'news'
in SYSTEMPATH\Database\BaseConnection.php on line 428.
 1 SYSTEMPATH\Database\BaseConnection.php(575): CodeIgniter\Database\BaseConnection->initialize()
 2 SYSTEMPATH\Database\BaseBuilder.php(1613): CodeIgniter\Database\BaseConnection->query('SELECT *
FROM `news`', [], false)
 3 SYSTEMPATH\Model.php(242): CodeIgniter\Database\BaseBuilder->get()
 4 SYSTEMPATH\BaseModel.php(638): CodeIgniter\Model->doFindAll(0, 0)
 5 APPPATH\Models\NewsModel.php(13): CodeIgniter\BaseModel->findAll()
 6 APPPATH\Controllers\News.php(15): App\Models\NewsModel->getNews()
 7 SYSTEMPATH\CodeIgniter.php(941): App\Controllers\News->index()
 8 SYSTEMPATH\CodeIgniter.php(502): CodeIgniter\CodeIgniter->runController(Object(App\Controllers\News))
 9 SYSTEMPATH\CodeIgniter.php(361): CodeIgniter\CodeIgniter->handleRequest(null, Object(Config\Cache), false)
10 FCPATH\index.php(79): CodeIgniter\CodeIgniter->run()
11 SYSTEMPATH\Commands\Server\rewrite.php(47): require_once('C:\\projects\\CodeIgnter-First-Use\\codeigniter4\\public\\index.php')
CRITICAL - 2024-01-26 23:23:45 --> ErrorException: Undefined variable $title
in APPPATH\Views\templates\header.php on line 9.
 1 APPPATH\Views\templates\header.php(9): CodeIgniter\Debug\Exceptions->errorHandler(2, 'Undefined variable $title', 'C:\\projects\\CodeIgnter-First-Use\\codeigniter4\\app\\Views\\templates\\header.php', 9)
 2 SYSTEMPATH\View\View.php(228): include('C:\\projects\\CodeIgnter-First-Use\\codeigniter4\\app\\Views\\templates\\header.php')
 3 SYSTEMPATH\View\View.php(231): CodeIgniter\View\View->CodeIgniter\View\{closure}()
 4 SYSTEMPATH\Common.php(1178): CodeIgniter\View\View->render('templates/header', [], true)
 5 APPPATH\Controllers\News.php(33): view('templates/header', [...])
 6 SYSTEMPATH\CodeIgniter.php(941): App\Controllers\News->show('elvis-sighted')
 7 SYSTEMPATH\CodeIgniter.php(502): CodeIgniter\CodeIgniter->runController(Object(App\Controllers\News))
 8 SYSTEMPATH\CodeIgniter.php(361): CodeIgniter\CodeIgniter->handleRequest(null, Object(Config\Cache), false)
 9 FCPATH\index.php(79): CodeIgniter\CodeIgniter->run()
10 SYSTEMPATH\Commands\Server\rewrite.php(47): require_once('C:\\projects\\CodeIgnter-First-Use\\codeigniter4\\public\\index.php')
